2026-01-15 09:35:12,618 - web_app.src.core.logger - CRITICAL - DATABASE_URL is required in environment variables
2026-01-15 09:35:13,600 - web_app.src.core.logger - CRITICAL - DATABASE_URL is required in environment variables
2026-01-15 09:35:14,705 - web_app.src.core.logger - CRITICAL - DATABASE_URL is required in environment variables
2026-01-15 09:35:16,113 - web_app.src.core.logger - CRITICAL - DATABASE_URL is required in environment variables
2026-01-15 09:35:17,823 - web_app.src.core.logger - CRITICAL - DATABASE_URL is required in environment variables
2026-01-15 09:36:16,921 - web_app.src.core.logger - INFO - Configuration initialized
2026-01-15 09:36:17,985 - web_app.src.core.logger - INFO - Configuration initialized
2026-01-15 09:36:19,144 - web_app.src.core.logger - INFO - Configuration initialized
2026-01-15 09:36:20,473 - web_app.src.core.logger - INFO - Configuration initialized
2026-01-15 09:36:22,157 - web_app.src.core.logger - INFO - Configuration initialized
2026-01-15 09:37:09,860 - web_app.src.core.logger - INFO - Configuration initialized
2026-01-15 09:37:09,909 - web_app.src.core.logger - INFO - Запускаем приложение...
2026-01-15 09:37:09,909 - web_app.src.core.logger - INFO - Инициализируем таблицы
2026-01-15 09:41:08,851 - web_app.src.core.logger - INFO - Configuration initialized
2026-01-15 09:41:08,901 - web_app.src.core.logger - INFO - Запускаем приложение...
2026-01-15 09:41:08,901 - web_app.src.core.logger - INFO - Инициализируем таблицы
2026-01-15 11:17:41,605 - web_app.src.core.logger - INFO - Configuration initialized
2026-01-15 11:17:41,655 - web_app.src.core.logger - INFO - Запускаем приложение...
2026-01-15 11:17:41,655 - web_app.src.core.logger - INFO - Инициализируем таблицы
2026-01-15 11:20:04,495 - web_app.src.core.logger - INFO - Configuration initialized
2026-01-15 11:20:04,544 - web_app.src.core.logger - INFO - Запускаем приложение...
2026-01-15 11:20:04,544 - web_app.src.core.logger - INFO - Инициализируем таблицы
2026-01-15 11:21:42,257 - web_app.src.core.logger - INFO - Configuration initialized
2026-01-15 11:21:42,309 - web_app.src.core.logger - INFO - Запускаем приложение...
2026-01-15 11:21:42,309 - web_app.src.core.logger - INFO - Инициализируем таблицы
2026-01-15 11:21:46,452 - web_app.src.core.logger - ERROR - Unexpected error get available apartments: 1 validation error for ApartmentResponse
media.0
  Input should be a valid dictionary or object to extract fields from [type=model_attributes_type, input_value='https://img.realtycalend...xlarge_IMG_8439-HDR.jpg', input_type=str]
    For further information visit https://errors.pydantic.dev/2.12/v/model_attributes_type
2026-01-15 11:23:14,664 - web_app.src.core.logger - INFO - Configuration initialized
2026-01-15 11:23:14,715 - web_app.src.core.logger - INFO - Запускаем приложение...
2026-01-15 11:23:14,715 - web_app.src.core.logger - INFO - Инициализируем таблицы
2026-01-15 11:28:51,716 - web_app.src.core.logger - INFO - Configuration initialized
2026-01-15 11:28:51,769 - web_app.src.core.logger - INFO - Запускаем приложение...
2026-01-15 11:28:51,769 - web_app.src.core.logger - INFO - Инициализируем таблицы
2026-01-15 11:34:22,410 - web_app.src.core.logger - ERROR - Unexpected error get available apartments: 1 validation error for ApartmentResponse
media.0
  Input should be a valid URL, relative URL without a base [type=url_parsing, input_value="url=HttpUrl('https://img...D0%BA1-26_resized.jpg')", input_type=str]
    For further information visit https://errors.pydantic.dev/2.12/v/url_parsing
2026-01-15 11:36:25,085 - web_app.src.core.logger - ERROR - Unexpected error get available apartments: 1 validation error for ApartmentResponse
media.0
  Input should be a valid URL, relative URL without a base [type=url_parsing, input_value="url=HttpUrl('https://img...D0%BA1-26_resized.jpg')", input_type=str]
    For further information visit https://errors.pydantic.dev/2.12/v/url_parsing
2026-01-15 11:37:34,184 - web_app.src.core.logger - INFO - Configuration initialized
2026-01-15 11:37:34,252 - web_app.src.core.logger - INFO - Запускаем приложение...
2026-01-15 11:37:34,252 - web_app.src.core.logger - INFO - Инициализируем таблицы
2026-01-15 11:37:38,486 - web_app.src.core.logger - ERROR - Unexpected error get available apartments: 1 validation error for ApartmentResponse
media.0
  Input should be a valid URL, relative URL without a base [type=url_parsing, input_value="url=HttpUrl('https://img...D0%BA1-26_resized.jpg')", input_type=str]
    For further information visit https://errors.pydantic.dev/2.12/v/url_parsing
2026-01-15 11:40:43,826 - web_app.src.core.logger - INFO - Configuration initialized
2026-01-15 11:40:43,879 - web_app.src.core.logger - INFO - Запускаем приложение...
2026-01-15 11:40:43,879 - web_app.src.core.logger - INFO - Инициализируем таблицы
2026-01-15 11:45:17,429 - web_app.src.core.logger - INFO - Configuration initialized
2026-01-15 11:45:17,481 - web_app.src.core.logger - INFO - Запускаем приложение...
2026-01-15 11:45:17,481 - web_app.src.core.logger - INFO - Инициализируем таблицы
2026-01-15 11:46:26,959 - web_app.src.core.logger - INFO - Configuration initialized
2026-01-15 11:46:27,010 - web_app.src.core.logger - INFO - Запускаем приложение...
2026-01-15 11:46:27,010 - web_app.src.core.logger - INFO - Инициализируем таблицы
2026-01-15 11:47:01,122 - web_app.src.core.logger - INFO - Configuration initialized
2026-01-15 11:47:01,172 - web_app.src.core.logger - INFO - Запускаем приложение...
2026-01-15 11:47:01,173 - web_app.src.core.logger - INFO - Инициализируем таблицы
2026-01-15 11:47:46,526 - web_app.src.core.logger - INFO - Configuration initialized
2026-01-15 11:47:46,579 - web_app.src.core.logger - INFO - Запускаем приложение...
2026-01-15 11:47:46,579 - web_app.src.core.logger - INFO - Инициализируем таблицы
2026-01-15 11:48:17,546 - web_app.src.core.logger - INFO - Configuration initialized
2026-01-15 11:48:17,597 - web_app.src.core.logger - INFO - Запускаем приложение...
2026-01-15 11:48:17,598 - web_app.src.core.logger - INFO - Инициализируем таблицы
2026-01-15 12:24:20,857 - web_app.src.core.logger - INFO - Configuration initialized
2026-01-15 12:24:20,909 - web_app.src.core.logger - INFO - Запускаем приложение...
2026-01-15 12:24:20,909 - web_app.src.core.logger - INFO - Инициализируем таблицы
2026-01-15 12:29:08,706 - web_app.src.core.logger - INFO - Configuration initialized
2026-01-15 12:29:08,759 - web_app.src.core.logger - INFO - Запускаем приложение...
2026-01-15 12:29:08,759 - web_app.src.core.logger - INFO - Инициализируем таблицы
2026-01-15 12:47:37,951 - web_app.src.core.logger - INFO - Configuration initialized
2026-01-15 12:47:39,017 - web_app.src.core.logger - INFO - Configuration initialized
2026-01-15 12:47:40,162 - web_app.src.core.logger - INFO - Configuration initialized
2026-01-15 12:47:41,516 - web_app.src.core.logger - INFO - Configuration initialized
2026-01-15 12:47:43,389 - web_app.src.core.logger - INFO - Configuration initialized
2026-01-15 12:47:45,937 - web_app.src.core.logger - INFO - Configuration initialized
2026-01-15 12:49:31,847 - web_app.src.core.logger - INFO - Configuration initialized
2026-01-15 12:49:31,902 - web_app.src.core.logger - INFO - Запускаем приложение...
2026-01-15 12:49:31,902 - web_app.src.core.logger - INFO - Инициализируем таблицы
2026-01-15 12:50:28,232 - web_app.src.core.logger - INFO - Configuration initialized
2026-01-15 12:50:28,304 - web_app.src.core.logger - INFO - Запускаем приложение...
2026-01-15 12:50:28,304 - web_app.src.core.logger - INFO - Инициализируем таблицы
2026-01-15 12:57:40,478 - web_app.src.core.logger - INFO - Configuration initialized
2026-01-15 12:57:40,544 - web_app.src.core.logger - INFO - Запускаем приложение...
2026-01-15 12:57:40,545 - web_app.src.core.logger - INFO - Инициализируем таблицы
2026-01-15 13:50:21,558 - web_app.src.core.logger - INFO - Configuration initialized
2026-01-15 13:50:21,643 - web_app.src.core.logger - INFO - Запускаем приложение...
2026-01-15 13:50:21,643 - web_app.src.core.logger - INFO - Инициализируем таблицы
2026-01-15 13:51:34,605 - web_app.src.core.logger - INFO - Configuration initialized
2026-01-15 13:51:34,676 - web_app.src.core.logger - INFO - Запускаем приложение...
2026-01-15 13:51:34,676 - web_app.src.core.logger - INFO - Инициализируем таблицы
2026-01-15 13:58:03,377 - web_app.src.core.logger - INFO - Configuration initialized
2026-01-15 13:58:03,458 - web_app.src.core.logger - INFO - Запускаем приложение...
2026-01-15 13:58:03,458 - web_app.src.core.logger - INFO - Инициализируем таблицы
2026-01-15 13:59:39,236 - web_app.src.core.logger - INFO - Configuration initialized
2026-01-15 13:59:39,290 - web_app.src.core.logger - INFO - Запускаем приложение...
2026-01-15 13:59:39,290 - web_app.src.core.logger - INFO - Инициализируем таблицы
2026-01-15 14:05:05,764 - web_app.src.core.logger - INFO - Configuration initialized
2026-01-15 14:05:05,818 - web_app.src.core.logger - INFO - Запускаем приложение...
2026-01-15 14:05:05,819 - web_app.src.core.logger - INFO - Инициализируем таблицы
2026-01-15 14:09:19,784 - web_app.src.core.logger - INFO - Configuration initialized
2026-01-15 14:09:19,849 - web_app.src.core.logger - INFO - Запускаем приложение...
2026-01-15 14:09:19,849 - web_app.src.core.logger - INFO - Инициализируем таблицы
2026-01-15 14:17:58,301 - web_app.src.core.logger - INFO - Configuration initialized
2026-01-15 14:17:58,361 - web_app.src.core.logger - INFO - Запускаем приложение...
2026-01-15 14:17:58,361 - web_app.src.core.logger - INFO - Инициализируем таблицы
2026-01-15 14:19:18,402 - web_app.src.core.logger - INFO - Configuration initialized
2026-01-15 14:19:18,563 - web_app.src.core.logger - INFO - Запускаем приложение...
2026-01-15 14:19:18,563 - web_app.src.core.logger - INFO - Инициализируем таблицы
2026-01-15 14:19:53,924 - web_app.src.core.logger - INFO - Configuration initialized
2026-01-15 14:19:53,980 - web_app.src.core.logger - INFO - Запускаем приложение...
2026-01-15 14:19:53,980 - web_app.src.core.logger - INFO - Инициализируем таблицы
2026-01-15 14:24:39,864 - web_app.src.core.logger - INFO - Configuration initialized
2026-01-15 14:24:39,927 - web_app.src.core.logger - INFO - Запускаем приложение...
2026-01-15 14:24:39,927 - web_app.src.core.logger - INFO - Инициализируем таблицы
2026-01-15 14:28:42,957 - web_app.src.core.logger - INFO - Configuration initialized
2026-01-15 14:28:43,019 - web_app.src.core.logger - INFO - Запускаем приложение...
2026-01-15 14:28:43,019 - web_app.src.core.logger - INFO - Инициализируем таблицы
2026-01-15 14:34:20,601 - web_app.src.core.logger - INFO - Configuration initialized
2026-01-15 14:34:20,667 - web_app.src.core.logger - INFO - Запускаем приложение...
2026-01-15 14:34:20,667 - web_app.src.core.logger - INFO - Инициализируем таблицы
2026-01-15 14:34:25,632 - web_app.src.core.logger - ERROR - Unexpected error get available apartments: cannot access local variable 'query' where it is not associated with a value
2026-01-15 14:35:08,388 - web_app.src.core.logger - INFO - Configuration initialized
2026-01-15 14:35:08,444 - web_app.src.core.logger - INFO - Запускаем приложение...
2026-01-15 14:35:08,445 - web_app.src.core.logger - INFO - Инициализируем таблицы
2026-01-15 14:37:12,153 - web_app.src.core.logger - INFO - Configuration initialized
2026-01-15 14:37:12,220 - web_app.src.core.logger - INFO - Запускаем приложение...
2026-01-15 14:37:12,220 - web_app.src.core.logger - INFO - Инициализируем таблицы
2026-01-15 14:57:07,063 - web_app.src.core.logger - INFO - Configuration initialized
2026-01-15 14:57:07,131 - web_app.src.core.logger - INFO - Запускаем приложение...
2026-01-15 14:57:07,131 - web_app.src.core.logger - INFO - Инициализируем таблицы
2026-01-15 15:01:26,830 - web_app.src.core.logger - INFO - Configuration initialized
2026-01-15 15:01:26,885 - web_app.src.core.logger - INFO - Запускаем приложение...
2026-01-15 15:01:26,885 - web_app.src.core.logger - INFO - Инициализируем таблицы
2026-01-15 15:03:46,647 - web_app.src.core.logger - INFO - Configuration initialized
2026-01-15 15:03:46,703 - web_app.src.core.logger - INFO - Запускаем приложение...
2026-01-15 15:03:46,703 - web_app.src.core.logger - INFO - Инициализируем таблицы
2026-01-15 15:03:49,837 - web_app.src.core.logger - ERROR - Database error get available apartments: greenlet_spawn has not been called; can't call await_only() here. Was IO attempted in an unexpected place? (Background on this error at: https://sqlalche.me/e/20/xd2s)
2026-01-15 15:04:26,298 - web_app.src.core.logger - INFO - Configuration initialized
2026-01-15 15:04:26,354 - web_app.src.core.logger - INFO - Запускаем приложение...
2026-01-15 15:04:26,354 - web_app.src.core.logger - INFO - Инициализируем таблицы
2026-01-15 15:05:37,224 - web_app.src.core.logger - INFO - Configuration initialized
2026-01-15 15:05:37,279 - web_app.src.core.logger - INFO - Запускаем приложение...
2026-01-15 15:05:37,280 - web_app.src.core.logger - INFO - Инициализируем таблицы
2026-01-15 15:06:10,782 - web_app.src.core.logger - INFO - Configuration initialized
2026-01-15 15:06:10,837 - web_app.src.core.logger - INFO - Запускаем приложение...
2026-01-15 15:06:10,837 - web_app.src.core.logger - INFO - Инициализируем таблицы
2026-01-16 06:03:18,309 - web_app.src.core.logger - INFO - Configuration initialized
2026-01-16 06:03:18,400 - web_app.src.core.logger - INFO - Запускаем приложение...
2026-01-16 06:03:18,400 - web_app.src.core.logger - INFO - Инициализируем таблицы
2026-01-16 07:54:52,667 - web_app.src.core.logger - INFO - Configuration initialized
2026-01-16 07:54:52,738 - web_app.src.core.logger - INFO - Запускаем приложение...
2026-01-16 07:54:52,738 - web_app.src.core.logger - INFO - Инициализируем таблицы
2026-01-16 07:59:07,012 - web_app.src.core.logger - INFO - Configuration initialized
2026-01-16 07:59:07,071 - web_app.src.core.logger - INFO - Запускаем приложение...
2026-01-16 07:59:07,071 - web_app.src.core.logger - INFO - Инициализируем таблицы
2026-01-16 07:59:20,349 - web_app.src.core.logger - INFO - Configuration initialized
2026-01-16 07:59:20,403 - web_app.src.core.logger - INFO - Запускаем приложение...
2026-01-16 07:59:20,403 - web_app.src.core.logger - INFO - Инициализируем таблицы
2026-01-16 08:00:32,447 - web_app.src.core.logger - INFO - Configuration initialized
2026-01-16 08:00:32,502 - web_app.src.core.logger - INFO - Запускаем приложение...
2026-01-16 08:00:32,502 - web_app.src.core.logger - INFO - Инициализируем таблицы
2026-01-16 08:33:20,280 - web_app.src.core.logger - INFO - Configuration initialized
2026-01-16 08:33:20,334 - web_app.src.core.logger - INFO - Запускаем приложение...
2026-01-16 08:33:20,334 - web_app.src.core.logger - INFO - Инициализируем таблицы
2026-01-16 08:38:46,763 - web_app.src.core.logger - INFO - Configuration initialized
2026-01-16 08:38:46,816 - web_app.src.core.logger - INFO - Запускаем приложение...
2026-01-16 08:38:46,816 - web_app.src.core.logger - INFO - Инициализируем таблицы
2026-01-16 08:43:41,786 - web_app.src.core.logger - INFO - Configuration initialized
2026-01-16 08:43:41,845 - web_app.src.core.logger - INFO - Запускаем приложение...
2026-01-16 08:43:41,845 - web_app.src.core.logger - INFO - Инициализируем таблицы
2026-01-16 08:48:38,534 - web_app.src.core.logger - INFO - Configuration initialized
2026-01-16 08:48:38,595 - web_app.src.core.logger - INFO - Запускаем приложение...
2026-01-16 08:48:38,595 - web_app.src.core.logger - INFO - Инициализируем таблицы
2026-01-16 09:47:30,020 - web_app.src.core.logger - INFO - Configuration initialized
2026-01-16 09:47:30,083 - web_app.src.core.logger - INFO - Запускаем приложение...
2026-01-16 09:47:30,083 - web_app.src.core.logger - INFO - Инициализируем таблицы
2026-01-16 09:51:37,822 - web_app.src.core.logger - INFO - Configuration initialized
2026-01-16 09:51:37,876 - web_app.src.core.logger - INFO - Запускаем приложение...
2026-01-16 09:51:37,876 - web_app.src.core.logger - INFO - Инициализируем таблицы
2026-01-16 09:54:13,603 - web_app.src.core.logger - INFO - Configuration initialized
2026-01-16 09:54:13,656 - web_app.src.core.logger - INFO - Запускаем приложение...
2026-01-16 09:54:13,656 - web_app.src.core.logger - INFO - Инициализируем таблицы
2026-01-16 09:55:41,956 - web_app.src.core.logger - INFO - Configuration initialized
2026-01-16 09:55:42,010 - web_app.src.core.logger - INFO - Запускаем приложение...
2026-01-16 09:55:42,010 - web_app.src.core.logger - INFO - Инициализируем таблицы
2026-01-16 09:58:13,978 - web_app.src.core.logger - INFO - Configuration initialized
2026-01-16 09:58:14,033 - web_app.src.core.logger - INFO - Запускаем приложение...
2026-01-16 09:58:14,033 - web_app.src.core.logger - INFO - Инициализируем таблицы
2026-01-16 09:58:56,590 - web_app.src.core.logger - INFO - Configuration initialized
2026-01-16 09:58:56,644 - web_app.src.core.logger - INFO - Запускаем приложение...
2026-01-16 09:58:56,644 - web_app.src.core.logger - INFO - Инициализируем таблицы
2026-01-16 10:06:07,264 - web_app.src.core.logger - INFO - Configuration initialized
2026-01-16 10:06:07,322 - web_app.src.core.logger - INFO - Запускаем приложение...
2026-01-16 10:06:07,322 - web_app.src.core.logger - INFO - Инициализируем таблицы
2026-01-16 10:14:25,759 - web_app.src.core.logger - INFO - Configuration initialized
2026-01-16 10:14:25,814 - web_app.src.core.logger - INFO - Запускаем приложение...
2026-01-16 10:14:25,814 - web_app.src.core.logger - INFO - Инициализируем таблицы
2026-01-16 11:27:43,210 - web_app.src.core.logger - INFO - Configuration initialized
2026-01-16 11:27:43,265 - web_app.src.core.logger - INFO - Запускаем приложение...
2026-01-16 11:27:43,265 - web_app.src.core.logger - INFO - Инициализируем таблицы
2026-01-16 11:33:09,087 - web_app.src.core.logger - INFO - Configuration initialized
2026-01-16 11:33:09,159 - web_app.src.core.logger - INFO - Запускаем приложение...
2026-01-16 11:33:09,159 - web_app.src.core.logger - INFO - Инициализируем таблицы
2026-01-16 11:33:52,400 - web_app.src.core.logger - INFO - Configuration initialized
2026-01-16 11:33:52,455 - web_app.src.core.logger - INFO - Запускаем приложение...
2026-01-16 11:33:52,456 - web_app.src.core.logger - INFO - Инициализируем таблицы
2026-01-16 11:37:48,340 - web_app.src.core.logger - INFO - Configuration initialized
2026-01-16 11:37:48,414 - web_app.src.core.logger - INFO - Запускаем приложение...
2026-01-16 11:37:48,415 - web_app.src.core.logger - INFO - Инициализируем таблицы
2026-01-16 12:55:18,056 - web_app.src.core.logger - INFO - Configuration initialized
2026-01-16 12:55:18,109 - web_app.src.core.logger - INFO - Запускаем приложение...
2026-01-16 12:55:18,109 - web_app.src.core.logger - INFO - Инициализируем таблицы
2026-01-16 12:58:17,906 - web_app.src.core.logger - INFO - Configuration initialized
2026-01-16 12:58:18,002 - web_app.src.core.logger - INFO - Запускаем приложение...
2026-01-16 12:58:18,002 - web_app.src.core.logger - INFO - Инициализируем таблицы
2026-01-16 13:14:36,687 - web_app.src.core.logger - INFO - Configuration initialized
2026-01-16 13:14:36,772 - web_app.src.core.logger - INFO - Запускаем приложение...
2026-01-16 13:14:36,772 - web_app.src.core.logger - INFO - Инициализируем таблицы
2026-01-16 13:16:07,326 - web_app.src.core.logger - INFO - Configuration initialized
2026-01-16 13:16:07,423 - web_app.src.core.logger - INFO - Запускаем приложение...
2026-01-16 13:16:07,423 - web_app.src.core.logger - INFO - Инициализируем таблицы
2026-01-16 13:17:07,440 - web_app.src.core.logger - INFO - Configuration initialized
2026-01-16 13:17:07,549 - web_app.src.core.logger - INFO - Запускаем приложение...
2026-01-16 13:17:07,549 - web_app.src.core.logger - INFO - Инициализируем таблицы
2026-01-16 13:17:26,709 - web_app.src.core.logger - INFO - Configuration initialized
2026-01-16 13:17:26,795 - web_app.src.core.logger - INFO - Запускаем приложение...
2026-01-16 13:17:26,796 - web_app.src.core.logger - INFO - Инициализируем таблицы
2026-01-16 13:18:33,677 - web_app.src.core.logger - INFO - Configuration initialized
2026-01-16 13:18:33,764 - web_app.src.core.logger - INFO - Запускаем приложение...
2026-01-16 13:18:33,765 - web_app.src.core.logger - INFO - Инициализируем таблицы
2026-01-16 13:20:11,195 - web_app.src.core.logger - INFO - Configuration initialized
2026-01-16 13:20:11,284 - web_app.src.core.logger - INFO - Запускаем приложение...
2026-01-16 13:20:11,284 - web_app.src.core.logger - INFO - Инициализируем таблицы
2026-01-16 13:20:16,404 - web_app.src.core.logger - ERROR - Database error get contents by category: Query has only expression-based entities; attribute loader options for Mapper[Content(contents)] can't be applied here.
2026-01-16 13:22:00,797 - web_app.src.core.logger - ERROR - Database error get contents by category: Query has only expression-based entities; attribute loader options for Mapper[Content(contents)] can't be applied here.
2026-01-16 13:32:59,912 - web_app.src.core.logger - INFO - Configuration initialized
2026-01-16 13:33:00,003 - web_app.src.core.logger - INFO - Запускаем приложение...
2026-01-16 13:33:00,003 - web_app.src.core.logger - INFO - Инициализируем таблицы
2026-01-16 13:35:10,963 - web_app.src.core.logger - INFO - Configuration initialized
2026-01-16 13:35:11,053 - web_app.src.core.logger - INFO - Запускаем приложение...
2026-01-16 13:35:11,053 - web_app.src.core.logger - INFO - Инициализируем таблицы
